mode: count
baseapp_bo_backend/pkg/middleware/cron_api_key.go:17.57,18.36 1 0
baseapp_bo_backend/pkg/middleware/cron_api_key.go:18.36,19.44 1 0
baseapp_bo_backend/pkg/middleware/cron_api_key.go:22.3,24.17 3 0
baseapp_bo_backend/pkg/middleware/cron_api_key.go:28.3,28.43 1 0
baseapp_bo_backend/pkg/middleware/cron_api_key.go:32.3,32.17 1 0
baseapp_bo_backend/pkg/middleware/cron_api_key.go:19.44,21.4 1 0
baseapp_bo_backend/pkg/middleware/cron_api_key.go:24.17,27.4 2 0
baseapp_bo_backend/pkg/middleware/cron_api_key.go:28.43,31.4 2 0
baseapp_bo_backend/pkg/middleware/permission_check.go:43.44,45.26 2 2
baseapp_bo_backend/pkg/middleware/permission_check.go:48.2,48.20 1 2
baseapp_bo_backend/pkg/middleware/permission_check.go:45.26,47.3 1 4
baseapp_bo_backend/pkg/middleware/permission_check.go:51.96,54.41 3 3
baseapp_bo_backend/pkg/middleware/permission_check.go:59.2,60.41 2 2
baseapp_bo_backend/pkg/middleware/permission_check.go:67.2,68.99 2 1
baseapp_bo_backend/pkg/middleware/permission_check.go:54.41,58.3 1 1
baseapp_bo_backend/pkg/middleware/permission_check.go:60.41,61.41 1 2
baseapp_bo_backend/pkg/middleware/permission_check.go:61.41,62.44 1 3
baseapp_bo_backend/pkg/middleware/permission_check.go:62.44,64.5 1 1
baseapp_bo_backend/pkg/middleware/permission_check.go:71.62,72.38 1 5
baseapp_bo_backend/pkg/middleware/permission_check.go:72.38,74.15 2 5
baseapp_bo_backend/pkg/middleware/permission_check.go:77.3,78.29 2 4
baseapp_bo_backend/pkg/middleware/permission_check.go:81.3,81.96 1 3
baseapp_bo_backend/pkg/middleware/permission_check.go:84.3,84.19 1 2
baseapp_bo_backend/pkg/middleware/permission_check.go:74.15,76.4 1 1
baseapp_bo_backend/pkg/middleware/permission_check.go:78.29,80.4 1 1
baseapp_bo_backend/pkg/middleware/permission_check.go:81.96,83.4 1 1
baseapp_bo_backend/cmd/app/handler/cron.go:9.67,12.2 2 0
baseapp_bo_backend/cmd/app/handler/merchant.go:11.56,13.70 2 2
baseapp_bo_backend/cmd/app/handler/merchant.go:16.2,18.21 3 2
baseapp_bo_backend/cmd/app/handler/merchant.go:29.2,29.49 1 1
baseapp_bo_backend/cmd/app/handler/merchant.go:13.70,15.3 1 0
baseapp_bo_backend/cmd/app/handler/merchant.go:18.21,23.21 5 1
baseapp_bo_backend/cmd/app/handler/merchant.go:27.3,27.68 1 1
baseapp_bo_backend/cmd/app/handler/merchant.go:23.21,26.4 2 1
baseapp_bo_backend/cmd/app/handler/merchant.go:32.55,34.67 2 3
baseapp_bo_backend/cmd/app/handler/merchant.go:37.2,38.20 2 2
baseapp_bo_backend/cmd/app/handler/merchant.go:41.2,41.48 1 1
baseapp_bo_backend/cmd/app/handler/merchant.go:34.67,36.3 1 1
baseapp_bo_backend/cmd/app/handler/merchant.go:38.20,40.3 1 1
baseapp_bo_backend/cmd/app/handler/merchant.go:44.59,46.67 2 3
baseapp_bo_backend/cmd/app/handler/merchant.go:49.2,50.20 2 2
baseapp_bo_backend/cmd/app/handler/merchant.go:53.2,53.48 1 1
baseapp_bo_backend/cmd/app/handler/merchant.go:46.67,48.3 1 1
baseapp_bo_backend/cmd/app/handler/merchant.go:50.20,52.3 1 1
baseapp_bo_backend/cmd/app/handler/merchant.go:56.56,58.67 2 3
baseapp_bo_backend/cmd/app/handler/merchant.go:61.2,62.20 2 2
baseapp_bo_backend/cmd/app/handler/merchant.go:65.2,65.48 1 1
baseapp_bo_backend/cmd/app/handler/merchant.go:58.67,60.3 1 1
baseapp_bo_backend/cmd/app/handler/merchant.go:62.20,64.3 1 1
baseapp_bo_backend/cmd/app/handler/product.go:11.55,13.70 2 2
baseapp_bo_backend/cmd/app/handler/product.go:16.2,18.21 3 2
baseapp_bo_backend/cmd/app/handler/product.go:29.2,29.49 1 1
baseapp_bo_backend/cmd/app/handler/product.go:13.70,15.3 1 0
baseapp_bo_backend/cmd/app/handler/product.go:18.21,23.21 5 1
baseapp_bo_backend/cmd/app/handler/product.go:27.3,27.68 1 1
baseapp_bo_backend/cmd/app/handler/product.go:23.21,26.4 2 1
baseapp_bo_backend/cmd/app/handler/product.go:32.58,34.67 2 3
baseapp_bo_backend/cmd/app/handler/product.go:37.2,38.20 2 2
baseapp_bo_backend/cmd/app/handler/product.go:41.2,41.48 1 1
baseapp_bo_backend/cmd/app/handler/product.go:34.67,36.3 1 1
baseapp_bo_backend/cmd/app/handler/product.go:38.20,40.3 1 1
baseapp_bo_backend/cmd/app/handler/product.go:44.54,46.67 2 4
baseapp_bo_backend/cmd/app/handler/product.go:49.2,50.20 2 3
baseapp_bo_backend/cmd/app/handler/product.go:53.2,53.48 1 2
baseapp_bo_backend/cmd/app/handler/product.go:46.67,48.3 1 1
baseapp_bo_backend/cmd/app/handler/product.go:50.20,52.3 1 1
baseapp_bo_backend/cmd/app/handler/product.go:56.59,58.67 2 5
baseapp_bo_backend/cmd/app/handler/product.go:61.2,62.20 2 4
baseapp_bo_backend/cmd/app/handler/product.go:65.2,65.48 1 3
baseapp_bo_backend/cmd/app/handler/product.go:58.67,60.3 1 1
baseapp_bo_backend/cmd/app/handler/product.go:62.20,64.3 1 1
baseapp_bo_backend/cmd/app/handler/upload.go:17.55,20.16 3 6
baseapp_bo_backend/cmd/app/handler/upload.go:24.2,25.16 2 5
baseapp_bo_backend/cmd/app/handler/upload.go:29.2,30.16 2 4
baseapp_bo_backend/cmd/app/handler/upload.go:34.2,36.16 3 4
baseapp_bo_backend/cmd/app/handler/upload.go:40.2,41.35 2 4
baseapp_bo_backend/cmd/app/handler/upload.go:45.2,46.26 2 3
baseapp_bo_backend/cmd/app/handler/upload.go:50.2,51.20 2 2
baseapp_bo_backend/cmd/app/handler/upload.go:54.2,54.48 1 1
baseapp_bo_backend/cmd/app/handler/upload.go:20.16,23.3 2 1
baseapp_bo_backend/cmd/app/handler/upload.go:25.16,28.3 2 1
baseapp_bo_backend/cmd/app/handler/upload.go:30.16,33.3 2 0
baseapp_bo_backend/cmd/app/handler/upload.go:36.16,39.3 2 0
baseapp_bo_backend/cmd/app/handler/upload.go:41.35,44.3 2 1
baseapp_bo_backend/cmd/app/handler/upload.go:46.26,49.3 2 1
baseapp_bo_backend/cmd/app/handler/upload.go:51.20,53.3 1 1
baseapp_bo_backend/cmd/app/handler/promotion.go:20.57,22.70 2 0
baseapp_bo_backend/cmd/app/handler/promotion.go:25.2,27.21 3 0
baseapp_bo_backend/cmd/app/handler/promotion.go:38.2,38.49 1 0
baseapp_bo_backend/cmd/app/handler/promotion.go:22.70,24.3 1 0
baseapp_bo_backend/cmd/app/handler/promotion.go:27.21,32.21 5 0
baseapp_bo_backend/cmd/app/handler/promotion.go:36.3,36.68 1 0
baseapp_bo_backend/cmd/app/handler/promotion.go:32.21,35.4 2 0
baseapp_bo_backend/cmd/app/handler/promotion.go:41.57,43.67 2 0
baseapp_bo_backend/cmd/app/handler/promotion.go:47.2,50.16 4 0
baseapp_bo_backend/cmd/app/handler/promotion.go:53.2,57.16 4 0
baseapp_bo_backend/cmd/app/handler/promotion.go:60.2,63.20 3 0
baseapp_bo_backend/cmd/app/handler/promotion.go:66.2,66.48 1 0
baseapp_bo_backend/cmd/app/handler/promotion.go:43.67,45.3 1 0
baseapp_bo_backend/cmd/app/handler/promotion.go:50.16,52.3 1 0
baseapp_bo_backend/cmd/app/handler/promotion.go:57.16,59.3 1 0
baseapp_bo_backend/cmd/app/handler/promotion.go:63.20,65.3 1 0
baseapp_bo_backend/cmd/app/handler/promotion.go:69.92,70.63 1 0
baseapp_bo_backend/cmd/app/handler/promotion.go:73.2,74.16 2 0
baseapp_bo_backend/cmd/app/handler/promotion.go:78.2,79.16 2 0
baseapp_bo_backend/cmd/app/handler/promotion.go:83.2,85.16 3 0
baseapp_bo_backend/cmd/app/handler/promotion.go:89.2,92.16 4 0
baseapp_bo_backend/cmd/app/handler/promotion.go:96.2,97.12 2 0
baseapp_bo_backend/cmd/app/handler/promotion.go:70.63,72.3 1 0
baseapp_bo_backend/cmd/app/handler/promotion.go:74.16,77.3 2 0
baseapp_bo_backend/cmd/app/handler/promotion.go:79.16,82.3 2 0
baseapp_bo_backend/cmd/app/handler/promotion.go:85.16,88.3 2 0
baseapp_bo_backend/cmd/app/handler/promotion.go:92.16,95.3 2 0
baseapp_bo_backend/cmd/app/handler/promotion.go:100.82,101.65 1 0
baseapp_bo_backend/cmd/app/handler/promotion.go:104.2,105.26 2 0
baseapp_bo_backend/cmd/app/handler/promotion.go:109.2,111.51 3 0
baseapp_bo_backend/cmd/app/handler/promotion.go:126.2,128.12 2 0
baseapp_bo_backend/cmd/app/handler/promotion.go:101.65,103.3 1 0
baseapp_bo_backend/cmd/app/handler/promotion.go:105.26,108.3 2 0
baseapp_bo_backend/cmd/app/handler/promotion.go:111.51,113.17 2 0
baseapp_bo_backend/cmd/app/handler/promotion.go:117.3,117.36 1 0
baseapp_bo_backend/cmd/app/handler/promotion.go:113.17,116.4 2 0
baseapp_bo_backend/cmd/app/handler/promotion.go:117.36,119.51 1 0
baseapp_bo_backend/cmd/app/handler/promotion.go:119.51,122.5 2 0
baseapp_bo_backend/cmd/app/handler/bank.go:11.52,13.21 2 0
baseapp_bo_backend/cmd/app/handler/bank.go:16.2,16.49 1 0
baseapp_bo_backend/cmd/app/handler/bank.go:13.21,15.3 1 0
baseapp_bo_backend/cmd/app/handler/bank.go:19.61,21.67 2 0
baseapp_bo_backend/cmd/app/handler/bank.go:24.2,25.21 2 0
baseapp_bo_backend/cmd/app/handler/bank.go:28.2,28.49 1 0
baseapp_bo_backend/cmd/app/handler/bank.go:21.67,23.3 1 0
baseapp_bo_backend/cmd/app/handler/bank.go:25.21,27.3 1 0
baseapp_bo_backend/cmd/app/handler/campaign.go:22.56,24.70 2 2
baseapp_bo_backend/cmd/app/handler/campaign.go:27.2,30.20 3 2
baseapp_bo_backend/cmd/app/handler/campaign.go:33.2,36.20 3 2
baseapp_bo_backend/cmd/app/handler/campaign.go:39.2,42.21 3 2
baseapp_bo_backend/cmd/app/handler/campaign.go:53.2,53.49 1 1
baseapp_bo_backend/cmd/app/handler/campaign.go:24.70,26.3 1 0
baseapp_bo_backend/cmd/app/handler/campaign.go:30.20,32.3 1 0
baseapp_bo_backend/cmd/app/handler/campaign.go:36.20,38.3 1 0
baseapp_bo_backend/cmd/app/handler/campaign.go:42.21,47.21 5 1
baseapp_bo_backend/cmd/app/handler/campaign.go:51.3,51.68 1 1
baseapp_bo_backend/cmd/app/handler/campaign.go:47.21,50.4 2 1
baseapp_bo_backend/cmd/app/handler/campaign.go:56.79,58.70 2 3
baseapp_bo_backend/cmd/app/handler/campaign.go:61.2,64.21 3 2
baseapp_bo_backend/cmd/app/handler/campaign.go:75.2,75.49 1 1
baseapp_bo_backend/cmd/app/handler/campaign.go:58.70,60.3 1 1
baseapp_bo_backend/cmd/app/handler/campaign.go:64.21,69.21 5 1
baseapp_bo_backend/cmd/app/handler/campaign.go:73.3,73.68 1 1
baseapp_bo_backend/cmd/app/handler/campaign.go:69.21,72.4 2 1
baseapp_bo_backend/cmd/app/handler/campaign.go:78.59,80.67 2 3
baseapp_bo_backend/cmd/app/handler/campaign.go:83.2,84.20 2 2
baseapp_bo_backend/cmd/app/handler/campaign.go:87.2,87.48 1 1
baseapp_bo_backend/cmd/app/handler/campaign.go:80.67,82.3 1 1
baseapp_bo_backend/cmd/app/handler/campaign.go:84.20,86.3 1 1
baseapp_bo_backend/cmd/app/handler/campaign.go:90.69,92.67 2 3
baseapp_bo_backend/cmd/app/handler/campaign.go:95.2,96.20 2 2
baseapp_bo_backend/cmd/app/handler/campaign.go:99.2,99.48 1 1
baseapp_bo_backend/cmd/app/handler/campaign.go:92.67,94.3 1 1
baseapp_bo_backend/cmd/app/handler/campaign.go:96.20,98.3 1 1
baseapp_bo_backend/cmd/app/handler/campaign.go:102.55,104.67 2 8
baseapp_bo_backend/cmd/app/handler/campaign.go:107.2,110.16 4 6
baseapp_bo_backend/cmd/app/handler/campaign.go:113.2,118.16 6 4
baseapp_bo_backend/cmd/app/handler/campaign.go:121.2,123.20 3 2
baseapp_bo_backend/cmd/app/handler/campaign.go:126.2,126.48 1 1
baseapp_bo_backend/cmd/app/handler/campaign.go:104.67,106.3 1 2
baseapp_bo_backend/cmd/app/handler/campaign.go:110.16,112.3 1 2
baseapp_bo_backend/cmd/app/handler/campaign.go:118.16,120.3 1 2
baseapp_bo_backend/cmd/app/handler/campaign.go:123.20,125.3 1 1
baseapp_bo_backend/cmd/app/handler/campaign.go:129.60,131.67 2 8
baseapp_bo_backend/cmd/app/handler/campaign.go:134.2,137.16 4 2
baseapp_bo_backend/cmd/app/handler/campaign.go:140.2,145.16 6 2
baseapp_bo_backend/cmd/app/handler/campaign.go:148.2,150.20 3 2
baseapp_bo_backend/cmd/app/handler/campaign.go:153.2,153.48 1 1
baseapp_bo_backend/cmd/app/handler/campaign.go:131.67,133.3 1 6
baseapp_bo_backend/cmd/app/handler/campaign.go:137.16,139.3 1 0
baseapp_bo_backend/cmd/app/handler/campaign.go:145.16,147.3 1 0
baseapp_bo_backend/cmd/app/handler/campaign.go:150.20,152.3 1 1
baseapp_bo_backend/cmd/app/handler/campaign.go:156.87,157.59 1 8
baseapp_bo_backend/cmd/app/handler/campaign.go:160.2,161.16 2 2
baseapp_bo_backend/cmd/app/handler/campaign.go:165.2,166.16 2 1
baseapp_bo_backend/cmd/app/handler/campaign.go:170.2,172.16 3 1
baseapp_bo_backend/cmd/app/handler/campaign.go:176.2,179.16 4 1
baseapp_bo_backend/cmd/app/handler/campaign.go:183.2,184.12 2 0
baseapp_bo_backend/cmd/app/handler/campaign.go:157.59,159.3 1 6
baseapp_bo_backend/cmd/app/handler/campaign.go:161.16,164.3 2 1
baseapp_bo_backend/cmd/app/handler/campaign.go:166.16,169.3 2 0
baseapp_bo_backend/cmd/app/handler/campaign.go:172.16,175.3 2 0
baseapp_bo_backend/cmd/app/handler/campaign.go:179.16,182.3 2 1
baseapp_bo_backend/cmd/app/handler/campaign.go:187.68,190.28 3 0
baseapp_bo_backend/cmd/app/handler/campaign.go:201.2,201.12 1 0
baseapp_bo_backend/cmd/app/handler/campaign.go:190.28,192.17 2 0
baseapp_bo_backend/cmd/app/handler/campaign.go:196.3,196.33 1 0
baseapp_bo_backend/cmd/app/handler/campaign.go:192.17,194.12 1 0
baseapp_bo_backend/cmd/app/handler/campaign.go:196.33,199.4 2 0
baseapp_bo_backend/cmd/app/handler/campaign.go:204.77,205.60 1 6
baseapp_bo_backend/cmd/app/handler/campaign.go:208.2,209.24 2 6
baseapp_bo_backend/cmd/app/handler/campaign.go:213.2,213.30 1 6
baseapp_bo_backend/cmd/app/handler/campaign.go:225.2,225.12 1 4
baseapp_bo_backend/cmd/app/handler/campaign.go:205.60,207.3 1 0
baseapp_bo_backend/cmd/app/handler/campaign.go:209.24,212.3 2 0
baseapp_bo_backend/cmd/app/handler/campaign.go:213.30,215.17 2 6
baseapp_bo_backend/cmd/app/handler/campaign.go:219.3,219.27 1 5
baseapp_bo_backend/cmd/app/handler/campaign.go:223.3,223.51 1 4
baseapp_bo_backend/cmd/app/handler/campaign.go:215.17,218.4 2 1
baseapp_bo_backend/cmd/app/handler/campaign.go:219.27,222.4 2 1
baseapp_bo_backend/cmd/app/handler/campaign.go:228.58,230.67 2 0
baseapp_bo_backend/cmd/app/handler/campaign.go:233.2,234.20 2 0
baseapp_bo_backend/cmd/app/handler/campaign.go:237.2,237.48 1 0
baseapp_bo_backend/cmd/app/handler/campaign.go:230.67,232.3 1 0
baseapp_bo_backend/cmd/app/handler/campaign.go:234.20,236.3 1 0
baseapp_bo_backend/cmd/app/handler/district.go:11.56,13.70 2 0
baseapp_bo_backend/cmd/app/handler/district.go:16.2,18.21 3 0
baseapp_bo_backend/cmd/app/handler/district.go:29.2,29.49 1 0
baseapp_bo_backend/cmd/app/handler/district.go:13.70,15.3 1 0
baseapp_bo_backend/cmd/app/handler/district.go:18.21,23.21 5 0
baseapp_bo_backend/cmd/app/handler/district.go:27.3,27.68 1 0
baseapp_bo_backend/cmd/app/handler/district.go:23.21,26.4 2 0
baseapp_bo_backend/cmd/app/handler/handler.go:32.58,44.2 1 59
baseapp_bo_backend/cmd/app/handler/handler.go:46.48,47.21 1 8
baseapp_bo_backend/cmd/app/handler/handler.go:50.2,50.22 1 8
baseapp_bo_backend/cmd/app/handler/handler.go:47.21,49.3 1 2
baseapp_bo_backend/cmd/app/handler/handler.go:50.22,52.3 1 2
baseapp_bo_backend/cmd/app/handler/handler.go:55.49,85.2 27 1
baseapp_bo_backend/cmd/app/handler/order.go:13.53,15.70 2 0
baseapp_bo_backend/cmd/app/handler/order.go:18.2,20.16 3 0
baseapp_bo_backend/cmd/app/handler/order.go:23.2,24.16 2 0
baseapp_bo_backend/cmd/app/handler/order.go:27.2,29.20 3 0
baseapp_bo_backend/cmd/app/handler/order.go:40.2,40.48 1 0
baseapp_bo_backend/cmd/app/handler/order.go:15.70,17.3 1 0
baseapp_bo_backend/cmd/app/handler/order.go:20.16,22.3 1 0
baseapp_bo_backend/cmd/app/handler/order.go:24.16,26.3 1 0
baseapp_bo_backend/cmd/app/handler/order.go:29.20,34.21 5 0
baseapp_bo_backend/cmd/app/handler/order.go:38.3,38.68 1 0
baseapp_bo_backend/cmd/app/handler/order.go:34.21,37.4 2 0
baseapp_bo_backend/cmd/app/handler/order.go:43.56,45.67 2 0
baseapp_bo_backend/cmd/app/handler/order.go:48.2,49.20 2 0
baseapp_bo_backend/cmd/app/handler/order.go:52.2,52.48 1 0
baseapp_bo_backend/cmd/app/handler/order.go:45.67,47.3 1 0
baseapp_bo_backend/cmd/app/handler/order.go:49.20,51.3 1 0
baseapp_bo_backend/cmd/app/handler/order.go:55.53,57.67 2 0
baseapp_bo_backend/cmd/app/handler/order.go:60.2,61.20 2 0
baseapp_bo_backend/cmd/app/handler/order.go:64.2,64.48 1 0
baseapp_bo_backend/cmd/app/handler/order.go:57.67,59.3 1 0
baseapp_bo_backend/cmd/app/handler/order.go:61.20,63.3 1 0
baseapp_bo_backend/cmd/app/handler/order.go:67.56,69.67 2 0
baseapp_bo_backend/cmd/app/handler/order.go:72.2,73.20 2 0
baseapp_bo_backend/cmd/app/handler/order.go:76.2,76.48 1 0
baseapp_bo_backend/cmd/app/handler/order.go:69.67,71.3 1 0
baseapp_bo_backend/cmd/app/handler/order.go:73.20,75.3 1 0
baseapp_bo_backend/cmd/app/handler/order.go:79.55,81.67 2 0
baseapp_bo_backend/cmd/app/handler/order.go:84.2,85.20 2 0
baseapp_bo_backend/cmd/app/handler/order.go:88.2,88.48 1 0
baseapp_bo_backend/cmd/app/handler/order.go:81.67,83.3 1 0
baseapp_bo_backend/cmd/app/handler/order.go:85.20,87.3 1 0
baseapp_bo_backend/scheduler/campaign.go:29.119,34.2 1 8
baseapp_bo_backend/scheduler/campaign.go:46.57,51.16 5 8
baseapp_bo_backend/scheduler/campaign.go:55.2,55.25 1 7
baseapp_bo_backend/scheduler/campaign.go:59.2,60.32 2 6
baseapp_bo_backend/scheduler/campaign.go:96.2,96.32 1 6
baseapp_bo_backend/scheduler/campaign.go:102.2,102.42 1 6
baseapp_bo_backend/scheduler/campaign.go:51.16,54.3 2 1
baseapp_bo_backend/scheduler/campaign.go:55.25,58.3 2 1
baseapp_bo_backend/scheduler/campaign.go:60.32,63.10 3 6
baseapp_bo_backend/scheduler/campaign.go:74.3,75.17 2 5
baseapp_bo_backend/scheduler/campaign.go:81.3,82.36 2 4
baseapp_bo_backend/scheduler/campaign.go:85.3,86.17 2 4
baseapp_bo_backend/scheduler/campaign.go:92.3,94.63 3 3
baseapp_bo_backend/scheduler/campaign.go:63.10,65.18 2 6
baseapp_bo_backend/scheduler/campaign.go:71.4,72.16 2 5
baseapp_bo_backend/scheduler/campaign.go:65.18,69.13 4 1
baseapp_bo_backend/scheduler/campaign.go:75.17,79.12 4 1
baseapp_bo_backend/scheduler/campaign.go:82.36,84.4 1 4
baseapp_bo_backend/scheduler/campaign.go:86.17,90.12 4 1
baseapp_bo_backend/scheduler/campaign.go:96.32,98.17 2 6
baseapp_bo_backend/scheduler/campaign.go:98.17,100.4 1 1
baseapp_bo_backend/scheduler/campaign.go:111.27,115.37 3 3
baseapp_bo_backend/scheduler/campaign.go:122.2,125.35 4 3
baseapp_bo_backend/scheduler/campaign.go:153.2,154.16 2 3
baseapp_bo_backend/scheduler/campaign.go:157.2,158.16 2 3
baseapp_bo_backend/scheduler/campaign.go:161.2,169.16 3 3
baseapp_bo_backend/scheduler/campaign.go:115.37,116.26 1 0
baseapp_bo_backend/scheduler/campaign.go:120.3,120.55 1 0
baseapp_bo_backend/scheduler/campaign.go:116.26,118.12 2 0
baseapp_bo_backend/scheduler/campaign.go:125.35,126.55 1 3
baseapp_bo_backend/scheduler/campaign.go:139.3,148.53 2 3
baseapp_bo_backend/scheduler/campaign.go:151.3,151.57 1 3
baseapp_bo_backend/scheduler/campaign.go:126.55,138.4 3 3
baseapp_bo_backend/scheduler/campaign.go:148.53,150.4 1 3
baseapp_bo_backend/scheduler/campaign.go:154.16,156.3 1 0
baseapp_bo_backend/scheduler/campaign.go:158.16,160.3 1 0
baseapp_bo_backend/scheduler/campaign.go:169.16,171.3 1 0
baseapp_bo_backend/scheduler/campaign.go:174.133,175.40 1 6
baseapp_bo_backend/scheduler/campaign.go:175.40,176.38 1 5
baseapp_bo_backend/scheduler/campaign.go:179.3,180.17 2 5
baseapp_bo_backend/scheduler/campaign.go:184.3,185.33 2 5
baseapp_bo_backend/scheduler/campaign.go:188.3,188.23 1 5
baseapp_bo_backend/scheduler/campaign.go:176.38,177.12 1 0
baseapp_bo_backend/scheduler/campaign.go:180.17,182.12 2 0
baseapp_bo_backend/scheduler/campaign.go:185.33,187.4 1 2
baseapp_bo_backend/scheduler/campaign.go:188.23,192.18 4 2
baseapp_bo_backend/scheduler/campaign.go:192.18,194.13 2 1
baseapp_bo_backend/scheduler/campaign.go:200.94,205.30 2 4
baseapp_bo_backend/scheduler/campaign.go:208.2,209.36 2 4
baseapp_bo_backend/scheduler/campaign.go:212.2,213.19 2 4
baseapp_bo_backend/scheduler/campaign.go:205.30,207.3 1 0
baseapp_bo_backend/scheduler/campaign.go:209.36,211.3 1 0
baseapp_bo_backend/scheduler/campaign.go:216.62,220.16 4 0
baseapp_bo_backend/scheduler/campaign.go:224.2,224.25 1 0
baseapp_bo_backend/scheduler/campaign.go:228.2,228.32 1 0
baseapp_bo_backend/scheduler/campaign.go:220.16,223.3 2 0
baseapp_bo_backend/scheduler/campaign.go:224.25,227.3 2 0
baseapp_bo_backend/scheduler/campaign.go:228.32,230.3 1 0
baseapp_bo_backend/scheduler/campaign.go:233.119,236.16 3 0
baseapp_bo_backend/scheduler/campaign.go:240.2,240.15 1 0
baseapp_bo_backend/scheduler/campaign.go:248.2,251.16 4 0
baseapp_bo_backend/scheduler/campaign.go:256.2,257.16 2 0
baseapp_bo_backend/scheduler/campaign.go:262.2,263.16 2 0
baseapp_bo_backend/scheduler/campaign.go:268.2,269.16 2 0
baseapp_bo_backend/scheduler/campaign.go:273.2,274.16 2 0
baseapp_bo_backend/scheduler/campaign.go:277.2,278.16 2 0
baseapp_bo_backend/scheduler/campaign.go:281.2,281.18 1 0
baseapp_bo_backend/scheduler/campaign.go:236.16,239.3 2 0
baseapp_bo_backend/scheduler/campaign.go:240.15,241.45 1 0
baseapp_bo_backend/scheduler/campaign.go:241.45,243.18 2 0
baseapp_bo_backend/scheduler/campaign.go:243.18,245.5 1 0
baseapp_bo_backend/scheduler/campaign.go:251.16,255.3 3 0
baseapp_bo_backend/scheduler/campaign.go:257.16,261.3 3 0
baseapp_bo_backend/scheduler/campaign.go:263.16,267.3 3 0
baseapp_bo_backend/scheduler/campaign.go:269.16,272.3 2 0
baseapp_bo_backend/scheduler/campaign.go:274.16,276.3 1 0
baseapp_bo_backend/scheduler/campaign.go:278.16,280.3 1 0
baseapp_bo_backend/service/bank.go:26.91,31.2 1 0
baseapp_bo_backend/service/bank.go:33.102,36.16 3 0
baseapp_bo_backend/service/bank.go:40.2,42.35 3 0
baseapp_bo_backend/service/bank.go:36.16,39.3 2 0
baseapp_bo_backend/service/bank.go:45.142,48.16 3 0
baseapp_bo_backend/service/bank.go:55.2,67.16 3 0
baseapp_bo_backend/service/bank.go:71.2,77.34 2 0
baseapp_bo_backend/service/bank.go:48.16,50.45 2 0
baseapp_bo_backend/service/bank.go:53.3,53.53 1 0
baseapp_bo_backend/service/bank.go:50.45,52.4 1 0
baseapp_bo_backend/service/bank.go:67.16,70.3 2 0
baseapp_bo_backend/service/district.go:21.74,23.2 1 0
baseapp_bo_backend/service/district.go:25.152,29.16 4 0
baseapp_bo_backend/service/district.go:33.2,33.16 1 0
baseapp_bo_backend/service/district.go:36.2,37.16 2 0
baseapp_bo_backend/service/district.go:41.2,41.42 1 0
baseapp_bo_backend/service/district.go:29.16,32.3 2 0
baseapp_bo_backend/service/district.go:33.16,35.3 1 0
baseapp_bo_backend/service/district.go:37.16,40.3 2 0
baseapp_bo_backend/service/order.go:40.49,46.2 1 0
baseapp_bo_backend/service/order.go:48.140,52.16 4 0
baseapp_bo_backend/service/order.go:56.2,56.16 1 0
baseapp_bo_backend/service/order.go:59.2,60.16 2 0
baseapp_bo_backend/service/order.go:64.2,64.42 1 0
baseapp_bo_backend/service/order.go:52.16,55.3 2 0
baseapp_bo_backend/service/order.go:56.16,58.3 1 0
baseapp_bo_backend/service/order.go:60.16,63.3 2 0
baseapp_bo_backend/service/order.go:67.148,72.16 4 0
baseapp_bo_backend/service/order.go:79.2,82.16 3 0
baseapp_bo_backend/service/order.go:85.2,89.34 4 0
baseapp_bo_backend/service/order.go:72.16,74.45 2 0
baseapp_bo_backend/service/order.go:77.3,77.53 1 0
baseapp_bo_backend/service/order.go:74.45,76.4 1 0
baseapp_bo_backend/service/order.go:82.16,84.3 1 0
baseapp_bo_backend/service/order.go:92.131,95.16 3 0
baseapp_bo_backend/service/order.go:102.2,102.119 1 0
baseapp_bo_backend/service/order.go:105.2,110.23 6 0
baseapp_bo_backend/service/order.go:113.2,113.12 1 0
baseapp_bo_backend/service/order.go:142.2,145.16 4 0
baseapp_bo_backend/service/order.go:149.2,150.16 2 0
baseapp_bo_backend/service/order.go:153.2,155.34 3 0
baseapp_bo_backend/service/order.go:95.16,97.45 2 0
baseapp_bo_backend/service/order.go:100.3,100.53 1 0
baseapp_bo_backend/service/order.go:97.45,99.4 1 0
baseapp_bo_backend/service/order.go:102.119,104.3 1 0
baseapp_bo_backend/service/order.go:110.23,112.3 1 0
baseapp_bo_backend/service/order.go:113.12,115.17 2 0
baseapp_bo_backend/service/order.go:119.3,130.17 3 0
baseapp_bo_backend/service/order.go:134.3,134.24 1 0
baseapp_bo_backend/service/order.go:138.3,140.37 3 0
baseapp_bo_backend/service/order.go:115.17,118.4 2 0
baseapp_bo_backend/service/order.go:130.17,133.4 2 0
baseapp_bo_backend/service/order.go:134.24,137.4 2 0
baseapp_bo_backend/service/order.go:145.16,148.3 2 0
baseapp_bo_backend/service/order.go:150.16,152.3 1 0
baseapp_bo_backend/service/order.go:158.135,160.16 2 0
baseapp_bo_backend/service/order.go:164.2,167.8 1 0
baseapp_bo_backend/service/order.go:160.16,163.3 2 0
baseapp_bo_backend/service/order.go:170.93,173.16 3 0
baseapp_bo_backend/service/order.go:177.2,178.35 2 0
baseapp_bo_backend/service/order.go:181.2,182.16 2 0
baseapp_bo_backend/service/order.go:186.2,195.16 3 0
baseapp_bo_backend/service/order.go:173.16,176.3 2 0
baseapp_bo_backend/service/order.go:178.35,180.3 1 0
baseapp_bo_backend/service/order.go:182.16,185.3 2 0
baseapp_bo_backend/service/order.go:195.16,198.3 2 0
baseapp_bo_backend/service/order.go:201.140,204.16 3 0
baseapp_bo_backend/service/order.go:211.2,211.61 1 0
baseapp_bo_backend/service/order.go:214.2,219.16 6 0
baseapp_bo_backend/service/order.go:223.2,225.34 3 0
baseapp_bo_backend/service/order.go:204.16,206.45 2 0
baseapp_bo_backend/service/order.go:209.3,209.53 1 0
baseapp_bo_backend/service/order.go:206.45,208.4 1 0
baseapp_bo_backend/service/order.go:211.61,213.3 1 0
baseapp_bo_backend/service/order.go:219.16,222.3 2 0
baseapp_bo_backend/service/order.go:228.137,231.16 3 0
baseapp_bo_backend/service/order.go:238.2,239.67 2 0
baseapp_bo_backend/service/order.go:243.2,243.57 1 0
baseapp_bo_backend/service/order.go:246.2,247.16 2 0
baseapp_bo_backend/service/order.go:251.2,262.16 3 0
baseapp_bo_backend/service/order.go:266.2,266.23 1 0
baseapp_bo_backend/service/order.go:270.2,276.16 7 0
baseapp_bo_backend/service/order.go:280.2,281.34 2 0
baseapp_bo_backend/service/order.go:231.16,233.45 2 0
baseapp_bo_backend/service/order.go:236.3,236.53 1 0
baseapp_bo_backend/service/order.go:233.45,235.4 1 0
baseapp_bo_backend/service/order.go:239.67,242.3 2 0
baseapp_bo_backend/service/order.go:243.57,245.3 1 0
baseapp_bo_backend/service/order.go:247.16,250.3 2 0
baseapp_bo_backend/service/order.go:262.16,265.3 2 0
baseapp_bo_backend/service/order.go:266.23,269.3 2 0
baseapp_bo_backend/service/order.go:276.16,279.3 2 0
baseapp_bo_backend/service/upload.go:25.71,29.2 1 3
baseapp_bo_backend/service/upload.go:31.173,33.15 2 3
baseapp_bo_backend/service/upload.go:37.2,41.16 5 3
baseapp_bo_backend/service/upload.go:45.2,48.34 2 2
baseapp_bo_backend/service/upload.go:33.15,36.3 2 1
baseapp_bo_backend/service/upload.go:41.16,44.3 2 1
baseapp_bo_backend/service/gcs.go:18.75,23.2 1 0
baseapp_bo_backend/service/gcs.go:25.99,29.45 4 0
baseapp_bo_backend/service/gcs.go:33.2,33.35 1 0
baseapp_bo_backend/service/gcs.go:37.2,37.18 1 0
baseapp_bo_backend/service/gcs.go:29.45,32.3 2 0
baseapp_bo_backend/service/gcs.go:33.35,36.3 2 0
baseapp_bo_backend/service/gcs.go:40.55,42.2 1 0
baseapp_bo_backend/service/product.go:28.50,32.2 1 17
baseapp_bo_backend/service/product.go:34.148,38.16 4 4
baseapp_bo_backend/service/product.go:42.2,42.16 1 3
baseapp_bo_backend/service/product.go:45.2,46.16 2 2
baseapp_bo_backend/service/product.go:50.2,51.42 2 1
baseapp_bo_backend/service/product.go:38.16,41.3 2 1
baseapp_bo_backend/service/product.go:42.16,44.3 1 1
baseapp_bo_backend/service/product.go:46.16,49.3 2 1
baseapp_bo_backend/service/product.go:54.161,58.16 3 3
baseapp_bo_backend/service/product.go:66.2,66.35 1 1
baseapp_bo_backend/service/product.go:58.16,60.45 2 2
baseapp_bo_backend/service/product.go:63.3,63.53 1 1
baseapp_bo_backend/service/product.go:60.45,62.4 1 1
baseapp_bo_backend/service/product.go:69.145,73.24 3 4
baseapp_bo_backend/service/product.go:81.2,83.16 3 2
baseapp_bo_backend/service/product.go:87.2,87.15 1 2
baseapp_bo_backend/service/product.go:95.2,98.16 4 2
baseapp_bo_backend/service/product.go:102.2,103.16 2 1
baseapp_bo_backend/service/product.go:106.2,110.34 4 1
baseapp_bo_backend/service/product.go:73.24,75.53 2 2
baseapp_bo_backend/service/product.go:78.3,78.61 1 1
baseapp_bo_backend/service/product.go:75.53,77.4 1 1
baseapp_bo_backend/service/product.go:83.16,86.3 2 0
baseapp_bo_backend/service/product.go:87.15,88.45 1 2
baseapp_bo_backend/service/product.go:88.45,90.18 2 1
baseapp_bo_backend/service/product.go:90.18,92.5 1 0
baseapp_bo_backend/service/product.go:98.16,101.3 2 1
baseapp_bo_backend/service/product.go:103.16,105.3 1 0
baseapp_bo_backend/service/product.go:113.143,117.16 3 6
baseapp_bo_backend/service/product.go:125.2,126.24 2 4
baseapp_bo_backend/service/product.go:134.2,136.16 3 2
baseapp_bo_backend/service/product.go:140.2,140.15 1 2
baseapp_bo_backend/service/product.go:149.2,151.16 3 2
baseapp_bo_backend/service/product.go:155.2,156.16 2 1
baseapp_bo_backend/service/product.go:160.2,164.34 4 1
baseapp_bo_backend/service/product.go:117.16,119.45 2 2
baseapp_bo_backend/service/product.go:122.3,122.53 1 1
baseapp_bo_backend/service/product.go:119.45,121.4 1 1
baseapp_bo_backend/service/product.go:126.24,128.53 2 2
baseapp_bo_backend/service/product.go:131.3,131.61 1 1
baseapp_bo_backend/service/product.go:128.53,130.4 1 1
baseapp_bo_backend/service/product.go:136.16,139.3 2 0
baseapp_bo_backend/service/product.go:140.15,141.45 1 2
baseapp_bo_backend/service/product.go:141.45,143.18 2 1
baseapp_bo_backend/service/product.go:143.18,145.5 1 0
baseapp_bo_backend/service/product.go:151.16,154.3 2 1
baseapp_bo_backend/service/product.go:156.16,158.3 1 0
baseapp_bo_backend/service/service.go:18.90,20.16 2 3
baseapp_bo_backend/service/service.go:24.2,26.16 3 2
baseapp_bo_backend/service/service.go:30.2,30.37 1 1
baseapp_bo_backend/service/service.go:20.16,23.3 2 1
baseapp_bo_backend/service/service.go:26.16,29.3 2 1
baseapp_bo_backend/service/fcm.go:19.59,24.2 1 0
baseapp_bo_backend/service/fcm.go:26.116,28.16 2 0
baseapp_bo_backend/service/fcm.go:31.2,32.34 2 0
baseapp_bo_backend/service/fcm.go:45.2,46.35 2 0
baseapp_bo_backend/service/fcm.go:65.2,65.21 1 0
baseapp_bo_backend/service/fcm.go:28.16,30.3 1 0
baseapp_bo_backend/service/fcm.go:32.34,34.23 1 0
baseapp_bo_backend/service/fcm.go:34.23,36.36 2 0
baseapp_bo_backend/service/fcm.go:39.4,40.30 2 0
baseapp_bo_backend/service/fcm.go:36.36,38.5 1 0
baseapp_bo_backend/service/fcm.go:42.8,44.3 1 0
baseapp_bo_backend/service/fcm.go:46.35,48.17 2 0
baseapp_bo_backend/service/fcm.go:57.3,57.37 1 0
baseapp_bo_backend/service/fcm.go:48.17,49.41 1 0
baseapp_bo_backend/service/fcm.go:55.4,55.12 1 0
baseapp_bo_backend/service/fcm.go:49.41,54.5 1 0
baseapp_bo_backend/service/fcm.go:57.37,63.4 2 0
baseapp_bo_backend/service/fcm.go:68.108,78.2 1 0
baseapp_bo_backend/service/merchant.go:34.64,40.2 1 18
baseapp_bo_backend/service/merchant.go:42.152,46.16 4 4
baseapp_bo_backend/service/merchant.go:50.2,50.16 1 3
baseapp_bo_backend/service/merchant.go:53.2,54.16 2 2
baseapp_bo_backend/service/merchant.go:58.2,59.42 2 1
baseapp_bo_backend/service/merchant.go:46.16,49.3 2 1
baseapp_bo_backend/service/merchant.go:50.16,52.3 1 1
baseapp_bo_backend/service/merchant.go:54.16,57.3 2 1
baseapp_bo_backend/service/merchant.go:62.149,65.16 3 4
baseapp_bo_backend/service/merchant.go:72.2,72.23 1 2
baseapp_bo_backend/service/merchant.go:75.2,77.16 3 2
baseapp_bo_backend/service/merchant.go:81.2,81.15 1 2
baseapp_bo_backend/service/merchant.go:89.2,93.16 5 2
baseapp_bo_backend/service/merchant.go:97.2,98.16 2 1
baseapp_bo_backend/service/merchant.go:101.2,105.34 5 1
baseapp_bo_backend/service/merchant.go:65.16,67.45 2 2
baseapp_bo_backend/service/merchant.go:70.3,70.53 1 1
baseapp_bo_backend/service/merchant.go:67.45,69.4 1 1
baseapp_bo_backend/service/merchant.go:72.23,74.3 1 0
baseapp_bo_backend/service/merchant.go:77.16,80.3 2 0
baseapp_bo_backend/service/merchant.go:81.15,82.45 1 2
baseapp_bo_backend/service/merchant.go:82.45,84.18 2 1
baseapp_bo_backend/service/merchant.go:84.18,86.5 1 0
baseapp_bo_backend/service/merchant.go:93.16,96.3 2 1
baseapp_bo_backend/service/merchant.go:98.16,100.3 1 0
baseapp_bo_backend/service/merchant.go:108.152,111.16 3 3
baseapp_bo_backend/service/merchant.go:118.2,121.34 4 1
baseapp_bo_backend/service/merchant.go:111.16,113.45 2 2
baseapp_bo_backend/service/merchant.go:116.3,116.53 1 1
baseapp_bo_backend/service/merchant.go:113.45,115.4 1 1
baseapp_bo_backend/service/merchant.go:124.143,127.16 3 7
baseapp_bo_backend/service/merchant.go:134.2,134.23 1 5
baseapp_bo_backend/service/merchant.go:137.2,142.16 5 5
baseapp_bo_backend/service/merchant.go:146.2,146.15 1 5
baseapp_bo_backend/service/merchant.go:154.2,155.16 2 5
baseapp_bo_backend/service/merchant.go:159.2,160.16 2 1
baseapp_bo_backend/service/merchant.go:163.2,167.34 5 1
baseapp_bo_backend/service/merchant.go:127.16,129.45 2 2
baseapp_bo_backend/service/merchant.go:132.3,132.53 1 1
baseapp_bo_backend/service/merchant.go:129.45,131.4 1 1
baseapp_bo_backend/service/merchant.go:134.23,136.3 1 3
baseapp_bo_backend/service/merchant.go:142.16,145.3 2 0
baseapp_bo_backend/service/merchant.go:146.15,147.45 1 5
baseapp_bo_backend/service/merchant.go:147.45,149.18 2 4
baseapp_bo_backend/service/merchant.go:149.18,151.5 1 0
baseapp_bo_backend/service/merchant.go:155.16,157.3 1 4
baseapp_bo_backend/service/merchant.go:160.16,162.3 1 0
baseapp_bo_backend/service/promotion.go:33.53,38.2 1 0
baseapp_bo_backend/service/promotion.go:40.156,44.16 4 0
baseapp_bo_backend/service/promotion.go:48.2,48.16 1 0
baseapp_bo_backend/service/promotion.go:51.2,52.16 2 0
baseapp_bo_backend/service/promotion.go:56.2,57.42 2 0
baseapp_bo_backend/service/promotion.go:44.16,47.3 2 0
baseapp_bo_backend/service/promotion.go:48.16,50.3 1 0
baseapp_bo_backend/service/promotion.go:52.16,55.3 2 0
baseapp_bo_backend/service/promotion.go:60.159,64.16 4 0
baseapp_bo_backend/service/promotion.go:68.2,68.15 1 0
baseapp_bo_backend/service/promotion.go:78.2,78.64 1 0
baseapp_bo_backend/service/promotion.go:85.2,85.32 1 0
baseapp_bo_backend/service/promotion.go:98.2,100.34 3 0
baseapp_bo_backend/service/promotion.go:104.2,105.16 2 0
baseapp_bo_backend/service/promotion.go:111.2,111.138 1 0
baseapp_bo_backend/service/promotion.go:149.2,149.63 1 0
baseapp_bo_backend/service/promotion.go:178.2,179.16 2 0
baseapp_bo_backend/service/promotion.go:183.2,186.34 4 0
baseapp_bo_backend/service/promotion.go:64.16,67.3 2 0
baseapp_bo_backend/service/promotion.go:68.15,69.45 1 0
baseapp_bo_backend/service/promotion.go:69.45,71.18 2 0
baseapp_bo_backend/service/promotion.go:71.18,73.5 1 0
baseapp_bo_backend/service/promotion.go:78.64,79.109 1 0
baseapp_bo_backend/service/promotion.go:79.109,81.4 1 0
baseapp_bo_backend/service/promotion.go:85.32,87.26 2 0
baseapp_bo_backend/service/promotion.go:93.3,93.32 1 0
baseapp_bo_backend/service/promotion.go:87.26,89.56 2 0
baseapp_bo_backend/service/promotion.go:89.56,91.5 1 0
baseapp_bo_backend/service/promotion.go:93.32,95.4 1 0
baseapp_bo_backend/service/promotion.go:100.34,103.3 2 0
baseapp_bo_backend/service/promotion.go:105.16,108.3 2 0
baseapp_bo_backend/service/promotion.go:111.138,114.17 2 0
baseapp_bo_backend/service/promotion.go:121.3,121.58 1 0
baseapp_bo_backend/service/promotion.go:114.17,116.46 2 0
baseapp_bo_backend/service/promotion.go:119.4,119.54 1 0
baseapp_bo_backend/service/promotion.go:116.46,118.5 1 0
baseapp_bo_backend/service/promotion.go:121.58,123.18 2 0
baseapp_bo_backend/service/promotion.go:131.4,131.41 1 0
baseapp_bo_backend/service/promotion.go:136.4,142.18 3 0
baseapp_bo_backend/service/promotion.go:123.18,125.47 2 0
baseapp_bo_backend/service/promotion.go:128.5,128.55 1 0
baseapp_bo_backend/service/promotion.go:125.47,127.6 1 0
baseapp_bo_backend/service/promotion.go:131.41,134.5 2 0
baseapp_bo_backend/service/promotion.go:142.18,145.5 2 0
baseapp_bo_backend/service/promotion.go:149.63,152.17 3 0
baseapp_bo_backend/service/promotion.go:156.3,159.17 4 0
baseapp_bo_backend/service/promotion.go:165.3,165.49 1 0
baseapp_bo_backend/service/promotion.go:152.17,155.4 2 0
baseapp_bo_backend/service/promotion.go:159.17,162.4 2 0
baseapp_bo_backend/service/promotion.go:165.49,171.18 3 0
baseapp_bo_backend/service/promotion.go:171.18,174.5 2 0
baseapp_bo_backend/service/promotion.go:179.16,181.3 1 0
baseapp_bo_backend/service/campaign.go:46.52,52.2 1 43
baseapp_bo_backend/service/campaign.go:54.152,58.16 4 4
baseapp_bo_backend/service/campaign.go:62.2,62.16 1 3
baseapp_bo_backend/service/campaign.go:65.2,66.16 2 2
baseapp_bo_backend/service/campaign.go:70.2,71.42 2 1
baseapp_bo_backend/service/campaign.go:58.16,61.3 2 1
baseapp_bo_backend/service/campaign.go:62.16,64.3 1 1
baseapp_bo_backend/service/campaign.go:66.16,69.3 2 1
baseapp_bo_backend/service/campaign.go:74.191,78.16 4 4
baseapp_bo_backend/service/campaign.go:82.2,82.16 1 3
baseapp_bo_backend/service/campaign.go:85.2,86.16 2 2
baseapp_bo_backend/service/campaign.go:90.2,91.42 2 1
baseapp_bo_backend/service/campaign.go:78.16,81.3 2 1
baseapp_bo_backend/service/campaign.go:82.16,84.3 1 1
baseapp_bo_backend/service/campaign.go:86.16,89.3 2 1
baseapp_bo_backend/service/campaign.go:94.199,98.16 4 3
baseapp_bo_backend/service/campaign.go:105.2,107.34 2 1
baseapp_bo_backend/service/campaign.go:98.16,100.45 2 2
baseapp_bo_backend/service/campaign.go:103.3,103.38 1 1
baseapp_bo_backend/service/campaign.go:100.45,102.4 1 1
baseapp_bo_backend/service/campaign.go:110.157,114.16 3 3
baseapp_bo_backend/service/campaign.go:121.2,123.61 3 1
baseapp_bo_backend/service/campaign.go:145.2,145.34 1 1
baseapp_bo_backend/service/campaign.go:114.16,116.45 2 2
baseapp_bo_backend/service/campaign.go:119.3,119.53 1 1
baseapp_bo_backend/service/campaign.go:116.45,118.4 1 1
baseapp_bo_backend/service/campaign.go:123.61,125.17 2 0
baseapp_bo_backend/service/campaign.go:129.3,130.36 2 0
baseapp_bo_backend/service/campaign.go:133.3,137.17 4 0
baseapp_bo_backend/service/campaign.go:141.3,143.47 3 0
baseapp_bo_backend/service/campaign.go:125.17,128.4 2 0
baseapp_bo_backend/service/campaign.go:130.36,132.4 1 0
baseapp_bo_backend/service/campaign.go:137.17,140.4 2 0
baseapp_bo_backend/service/campaign.go:148.149,152.16 4 11
baseapp_bo_backend/service/campaign.go:156.2,156.15 1 11
baseapp_bo_backend/service/campaign.go:164.2,167.16 4 11
baseapp_bo_backend/service/campaign.go:171.2,172.59 2 10
baseapp_bo_backend/service/campaign.go:201.2,201.60 1 5
baseapp_bo_backend/service/campaign.go:209.2,210.16 2 4
baseapp_bo_backend/service/campaign.go:213.2,213.62 1 4
baseapp_bo_backend/service/campaign.go:218.2,221.34 4 4
baseapp_bo_backend/service/campaign.go:152.16,155.3 2 0
baseapp_bo_backend/service/campaign.go:156.15,157.45 1 11
baseapp_bo_backend/service/campaign.go:157.45,159.18 2 7
baseapp_bo_backend/service/campaign.go:159.18,161.5 1 0
baseapp_bo_backend/service/campaign.go:167.16,170.3 2 1
baseapp_bo_backend/service/campaign.go:172.59,176.22 4 8
baseapp_bo_backend/service/campaign.go:179.3,182.17 4 5
baseapp_bo_backend/service/campaign.go:186.3,189.17 4 4
baseapp_bo_backend/service/campaign.go:176.22,178.4 1 3
baseapp_bo_backend/service/campaign.go:182.17,185.4 2 1
baseapp_bo_backend/service/campaign.go:189.17,192.4 2 0
baseapp_bo_backend/service/campaign.go:193.8,195.17 2 2
baseapp_bo_backend/service/campaign.go:199.3,199.19 1 1
baseapp_bo_backend/service/campaign.go:195.17,198.4 2 1
baseapp_bo_backend/service/campaign.go:201.60,205.22 4 2
baseapp_bo_backend/service/campaign.go:205.22,207.4 1 1
baseapp_bo_backend/service/campaign.go:210.16,212.3 1 0
baseapp_bo_backend/service/campaign.go:213.62,217.3 3 3
baseapp_bo_backend/service/campaign.go:224.145,228.16 4 15
baseapp_bo_backend/service/campaign.go:232.2,232.15 1 15
baseapp_bo_backend/service/campaign.go:241.2,242.16 2 15
baseapp_bo_backend/service/campaign.go:249.2,249.74 1 13
baseapp_bo_backend/service/campaign.go:253.2,256.16 4 12
baseapp_bo_backend/service/campaign.go:262.2,265.28 4 11
baseapp_bo_backend/service/campaign.go:268.2,269.59 2 10
baseapp_bo_backend/service/campaign.go:297.2,298.21 2 5
baseapp_bo_backend/service/campaign.go:302.2,302.60 1 4
baseapp_bo_backend/service/campaign.go:311.2,311.62 1 3
baseapp_bo_backend/service/campaign.go:317.2,318.16 2 3
baseapp_bo_backend/service/campaign.go:321.2,324.34 4 3
baseapp_bo_backend/service/campaign.go:228.16,231.3 2 0
baseapp_bo_backend/service/campaign.go:232.15,233.45 1 15
baseapp_bo_backend/service/campaign.go:233.45,235.18 2 12
baseapp_bo_backend/service/campaign.go:235.18,237.5 1 0
baseapp_bo_backend/service/campaign.go:242.16,244.45 2 2
baseapp_bo_backend/service/campaign.go:247.3,247.53 1 1
baseapp_bo_backend/service/campaign.go:244.45,246.4 1 1
baseapp_bo_backend/service/campaign.go:249.74,251.3 1 1
baseapp_bo_backend/service/campaign.go:256.16,259.3 2 1
baseapp_bo_backend/service/campaign.go:265.28,267.3 1 1
baseapp_bo_backend/service/campaign.go:269.59,271.27 2 8
baseapp_bo_backend/service/campaign.go:274.3,277.17 4 5
baseapp_bo_backend/service/campaign.go:281.3,284.17 4 4
baseapp_bo_backend/service/campaign.go:271.27,273.4 1 3
baseapp_bo_backend/service/campaign.go:277.17,280.4 2 1
baseapp_bo_backend/service/campaign.go:284.17,287.4 2 0
baseapp_bo_backend/service/campaign.go:288.8,290.17 2 2
baseapp_bo_backend/service/campaign.go:294.3,294.19 1 1
baseapp_bo_backend/service/campaign.go:290.17,293.4 2 1
baseapp_bo_backend/service/campaign.go:298.21,300.3 1 1
baseapp_bo_backend/service/campaign.go:302.60,306.27 4 1
baseapp_bo_backend/service/campaign.go:306.27,308.4 1 1
baseapp_bo_backend/service/campaign.go:311.62,315.3 3 3
baseapp_bo_backend/service/campaign.go:318.16,320.3 1 0
baseapp_bo_backend/service/campaign.go:327.157,332.16 2 16
baseapp_bo_backend/service/campaign.go:337.2,337.26 1 14
baseapp_bo_backend/service/campaign.go:341.2,342.36 2 12
baseapp_bo_backend/service/campaign.go:348.2,349.16 2 12
baseapp_bo_backend/service/campaign.go:353.2,353.37 1 10
baseapp_bo_backend/service/campaign.go:332.16,335.3 2 2
baseapp_bo_backend/service/campaign.go:337.26,340.3 2 2
baseapp_bo_backend/service/campaign.go:342.36,347.3 1 12
baseapp_bo_backend/service/campaign.go:349.16,352.3 2 2
baseapp_bo_backend/service/campaign.go:355.118,357.16 2 11
baseapp_bo_backend/service/campaign.go:361.2,361.25 1 10
baseapp_bo_backend/service/campaign.go:357.16,360.3 2 1
baseapp_bo_backend/service/campaign.go:364.153,366.53 2 3
baseapp_bo_backend/service/campaign.go:373.2,374.16 2 3
baseapp_bo_backend/service/campaign.go:378.2,378.25 1 1
baseapp_bo_backend/service/campaign.go:366.53,372.3 1 2
baseapp_bo_backend/service/campaign.go:374.16,377.3 2 2
baseapp_bo_backend/service/campaign.go:381.140,383.16 2 5
baseapp_bo_backend/service/campaign.go:387.2,387.25 1 4
baseapp_bo_backend/service/campaign.go:383.16,386.3 2 1
baseapp_bo_backend/service/campaign.go:390.114,393.16 3 6
baseapp_bo_backend/service/campaign.go:397.2,398.35 2 4
baseapp_bo_backend/service/campaign.go:401.2,402.16 2 4
baseapp_bo_backend/service/campaign.go:406.2,406.64 1 4
baseapp_bo_backend/service/campaign.go:393.16,396.3 2 2
baseapp_bo_backend/service/campaign.go:398.35,400.3 1 4
baseapp_bo_backend/service/campaign.go:402.16,405.3 2 0
baseapp_bo_backend/service/campaign.go:414.170,417.37 3 4
baseapp_bo_backend/service/campaign.go:424.2,427.16 4 4
baseapp_bo_backend/service/campaign.go:431.2,434.35 4 4
baseapp_bo_backend/service/campaign.go:461.2,462.16 2 4
baseapp_bo_backend/service/campaign.go:465.2,466.16 2 4
baseapp_bo_backend/service/campaign.go:469.2,476.16 3 4
baseapp_bo_backend/service/campaign.go:417.37,418.26 1 0
baseapp_bo_backend/service/campaign.go:422.3,422.55 1 0
baseapp_bo_backend/service/campaign.go:418.26,420.12 2 0
baseapp_bo_backend/service/campaign.go:427.16,430.3 2 0
baseapp_bo_backend/service/campaign.go:434.35,435.55 1 4
baseapp_bo_backend/service/campaign.go:448.3,456.53 2 4
baseapp_bo_backend/service/campaign.go:459.3,459.57 1 4
baseapp_bo_backend/service/campaign.go:435.55,447.4 3 4
baseapp_bo_backend/service/campaign.go:456.53,458.4 1 4
baseapp_bo_backend/service/campaign.go:462.16,464.3 1 0
baseapp_bo_backend/service/campaign.go:466.16,468.3 1 0
baseapp_bo_backend/service/campaign.go:476.16,478.3 1 0
baseapp_bo_backend/service/campaign.go:481.97,486.25 2 4
baseapp_bo_backend/service/campaign.go:489.2,490.31 2 4
baseapp_bo_backend/service/campaign.go:493.2,494.19 2 4
baseapp_bo_backend/service/campaign.go:486.25,488.3 1 0
baseapp_bo_backend/service/campaign.go:490.31,492.3 1 0
baseapp_bo_backend/service/campaign.go:497.149,500.16 3 3
baseapp_bo_backend/service/campaign.go:507.2,507.31 1 1
baseapp_bo_backend/service/campaign.go:512.2,513.16 2 0
baseapp_bo_backend/service/campaign.go:517.2,520.16 4 0
baseapp_bo_backend/service/campaign.go:524.2,524.15 1 0
baseapp_bo_backend/service/campaign.go:532.2,533.16 2 0
baseapp_bo_backend/service/campaign.go:537.2,545.16 3 0
baseapp_bo_backend/service/campaign.go:549.2,550.16 2 0
baseapp_bo_backend/service/campaign.go:553.2,556.34 4 0
baseapp_bo_backend/service/campaign.go:500.16,502.45 2 2
baseapp_bo_backend/service/campaign.go:505.3,505.53 1 1
baseapp_bo_backend/service/campaign.go:502.45,504.4 1 1
baseapp_bo_backend/service/campaign.go:507.31,511.3 3 1
baseapp_bo_backend/service/campaign.go:513.16,516.3 2 0
baseapp_bo_backend/service/campaign.go:520.16,523.3 2 0
baseapp_bo_backend/service/campaign.go:524.15,525.45 1 0
baseapp_bo_backend/service/campaign.go:525.45,527.18 2 0
baseapp_bo_backend/service/campaign.go:527.18,529.5 1 0
baseapp_bo_backend/service/campaign.go:533.16,536.3 2 0
baseapp_bo_backend/service/campaign.go:545.16,548.3 2 0
baseapp_bo_backend/service/campaign.go:550.16,552.3 1 0
baseapp_bo_backend/service/dana.go:33.40,37.2 1 0
baseapp_bo_backend/service/dana.go:64.83,65.17 1 0
baseapp_bo_backend/service/dana.go:66.21,67.48 1 0
baseapp_bo_backend/service/dana.go:68.21,69.48 1 0
baseapp_bo_backend/service/dana.go:70.21,71.48 1 0
baseapp_bo_backend/service/dana.go:72.21,73.48 1 0
baseapp_bo_backend/service/dana.go:74.21,75.48 1 0
baseapp_bo_backend/service/dana.go:76.18,77.45 1 0
baseapp_bo_backend/service/dana.go:78.22,79.50 1 0
baseapp_bo_backend/service/dana.go:80.25,81.46 1 0
baseapp_bo_backend/service/dana.go:82.22,83.49 1 0
baseapp_bo_backend/service/dana.go:84.10,85.12 1 0
baseapp_bo_backend/service/dana.go:89.136,92.16 3 0
baseapp_bo_backend/service/dana.go:95.2,101.16 7 0
baseapp_bo_backend/service/dana.go:104.2,116.16 4 0
baseapp_bo_backend/service/dana.go:119.2,119.24 1 0
baseapp_bo_backend/service/dana.go:122.2,122.20 1 0
baseapp_bo_backend/service/dana.go:92.16,94.3 1 0
baseapp_bo_backend/service/dana.go:101.16,103.3 1 0
baseapp_bo_backend/service/dana.go:116.16,118.3 1 0
baseapp_bo_backend/service/dana.go:119.24,121.3 1 0
baseapp_bo_backend/service/dana.go:125.113,127.28 2 0
baseapp_bo_backend/service/dana.go:131.2,132.16 2 0
baseapp_bo_backend/service/dana.go:137.2,145.16 7 0
baseapp_bo_backend/service/dana.go:150.2,150.58 1 0
baseapp_bo_backend/service/dana.go:127.28,130.3 2 0
baseapp_bo_backend/service/dana.go:132.16,135.3 2 0
baseapp_bo_backend/service/dana.go:145.16,148.3 2 0
baseapp_bo_backend/service/dana.go:153.57,157.20 3 0
baseapp_bo_backend/service/dana.go:160.2,160.52 1 0
baseapp_bo_backend/service/dana.go:164.2,166.43 3 0
baseapp_bo_backend/service/dana.go:178.2,179.9 2 0
baseapp_bo_backend/service/dana.go:182.2,182.25 1 0
baseapp_bo_backend/service/dana.go:157.20,159.3 1 0
baseapp_bo_backend/service/dana.go:160.52,162.3 1 0
baseapp_bo_backend/service/dana.go:166.43,168.17 2 0
baseapp_bo_backend/service/dana.go:168.17,170.4 1 0
baseapp_bo_backend/service/dana.go:171.8,173.17 2 0
baseapp_bo_backend/service/dana.go:173.17,175.4 1 0
baseapp_bo_backend/service/dana.go:179.9,181.3 1 0
baseapp_bo_backend/service/ui_avatar.go:21.48,23.2 1 0
baseapp_bo_backend/service/ui_avatar.go:25.75,33.16 3 0
baseapp_bo_backend/service/ui_avatar.go:36.2,36.24 1 0
baseapp_bo_backend/service/ui_avatar.go:39.2,39.25 1 0
baseapp_bo_backend/service/ui_avatar.go:33.16,35.3 1 0
baseapp_bo_backend/service/ui_avatar.go:36.24,38.3 1 0
baseapp_bo_backend/repository/merchant.go:11.33,13.2 1 27
baseapp_bo_backend/repository/merchant.go:15.86,16.36 1 1
baseapp_bo_backend/repository/merchant.go:16.36,17.17 1 1
baseapp_bo_backend/repository/merchant.go:20.3,21.48 2 0
baseapp_bo_backend/repository/merchant.go:17.17,19.4 1 1
baseapp_bo_backend/repository/merchant.go:25.91,26.36 1 1
baseapp_bo_backend/repository/merchant.go:26.36,27.22 1 1
baseapp_bo_backend/repository/merchant.go:30.3,31.33 2 0
baseapp_bo_backend/repository/merchant.go:27.22,29.4 1 1
baseapp_bo_backend/repository/merchant.go:35.76,36.36 1 1
baseapp_bo_backend/repository/merchant.go:36.36,37.20 1 1
baseapp_bo_backend/repository/merchant.go:40.3,41.28 2 0
baseapp_bo_backend/repository/merchant.go:37.20,39.4 1 1
baseapp_bo_backend/repository/merchant.go:45.123,47.22 2 1
baseapp_bo_backend/repository/merchant.go:50.2,58.19 3 1
baseapp_bo_backend/repository/merchant.go:47.22,49.3 1 0
baseapp_bo_backend/repository/merchant.go:61.110,63.22 2 0
baseapp_bo_backend/repository/merchant.go:66.2,73.24 3 0
baseapp_bo_backend/repository/merchant.go:63.22,65.3 1 0
baseapp_bo_backend/repository/merchant.go:76.97,78.2 1 0
baseapp_bo_backend/repository/merchant.go:80.100,84.2 3 2
baseapp_bo_backend/repository/merchant.go:86.97,88.2 1 1
baseapp_bo_backend/repository/app_user_notification.go:8.120,10.2 1 0
baseapp_bo_backend/repository/bank.go:8.85,12.2 3 0
baseapp_bo_backend/repository/bank.go:14.102,18.2 3 0
baseapp_bo_backend/repository/campaign_delete_schedule.go:11.129,13.2 1 1
baseapp_bo_backend/repository/campaign_delete_schedule.go:15.134,22.2 3 0
baseapp_bo_backend/repository/campaign_delete_schedule.go:24.120,27.2 2 0
baseapp_bo_backend/repository/campaign_notif_target_user.go:8.133,10.2 1 1
baseapp_bo_backend/repository/campaign_notif_target_user.go:12.107,15.2 2 1
baseapp_bo_backend/repository/promotion.go:10.34,12.2 1 1
baseapp_bo_backend/repository/promotion.go:14.135,21.32 5 1
baseapp_bo_backend/repository/promotion.go:24.2,24.30 1 1
baseapp_bo_backend/repository/promotion.go:27.2,27.28 1 1
baseapp_bo_backend/repository/promotion.go:31.2,33.30 2 1
baseapp_bo_backend/repository/promotion.go:21.32,23.3 1 0
baseapp_bo_backend/repository/promotion.go:24.30,26.3 1 0
baseapp_bo_backend/repository/promotion.go:27.28,29.3 1 0
baseapp_bo_backend/repository/promotion.go:36.112,41.32 3 2
baseapp_bo_backend/repository/promotion.go:44.2,44.30 1 2
baseapp_bo_backend/repository/promotion.go:47.2,47.28 1 2
baseapp_bo_backend/repository/promotion.go:51.2,53.24 2 2
baseapp_bo_backend/repository/promotion.go:41.32,43.3 1 0
baseapp_bo_backend/repository/promotion.go:44.30,46.3 1 0
baseapp_bo_backend/repository/promotion.go:47.28,49.3 1 0
baseapp_bo_backend/repository/promotion.go:56.123,60.2 3 0
baseapp_bo_backend/repository/promotion.go:62.147,66.2 3 1
baseapp_bo_backend/repository/promotion.go:68.100,70.2 1 1
baseapp_bo_backend/repository/promotion.go:72.98,75.2 2 0
baseapp_bo_backend/repository/promotion.go:77.133,79.2 1 1
baseapp_bo_backend/repository/promotion.go:81.124,83.2 1 1
baseapp_bo_backend/repository/app_user.go:11.98,15.2 3 1
baseapp_bo_backend/repository/app_user.go:17.82,21.2 3 0
baseapp_bo_backend/repository/app_user.go:23.95,24.36 1 3
baseapp_bo_backend/repository/app_user.go:24.36,25.18 1 3
baseapp_bo_backend/repository/app_user.go:28.3,31.49 2 0
baseapp_bo_backend/repository/app_user.go:25.18,27.4 1 3
baseapp_bo_backend/repository/campaign.go:11.33,13.2 1 21
baseapp_bo_backend/repository/campaign.go:15.38,16.45 1 10
baseapp_bo_backend/repository/campaign.go:19.2,19.21 1 10
baseapp_bo_backend/repository/campaign.go:16.45,18.3 1 0
baseapp_bo_backend/repository/campaign.go:22.132,31.26 7 7
baseapp_bo_backend/repository/campaign.go:36.2,36.25 1 7
baseapp_bo_backend/repository/campaign.go:39.2,39.33 1 7
baseapp_bo_backend/repository/campaign.go:42.2,42.31 1 7
baseapp_bo_backend/repository/campaign.go:45.2,45.33 1 7
baseapp_bo_backend/repository/campaign.go:48.2,48.31 1 7
baseapp_bo_backend/repository/campaign.go:52.2,56.29 2 7
baseapp_bo_backend/repository/campaign.go:31.26,35.3 1 3
baseapp_bo_backend/repository/campaign.go:36.25,38.3 1 1
baseapp_bo_backend/repository/campaign.go:39.33,41.3 1 1
baseapp_bo_backend/repository/campaign.go:42.31,44.3 1 1
baseapp_bo_backend/repository/campaign.go:45.33,47.3 1 1
baseapp_bo_backend/repository/campaign.go:48.31,50.3 1 1
baseapp_bo_backend/repository/campaign.go:59.110,64.26 3 4
baseapp_bo_backend/repository/campaign.go:69.2,69.25 1 4
baseapp_bo_backend/repository/campaign.go:73.2,75.24 2 4
baseapp_bo_backend/repository/campaign.go:64.26,68.3 1 3
baseapp_bo_backend/repository/campaign.go:69.25,71.3 1 0
baseapp_bo_backend/repository/campaign.go:78.108,82.2 3 3
baseapp_bo_backend/repository/campaign.go:84.97,86.2 1 1
baseapp_bo_backend/repository/campaign.go:88.97,91.2 2 1
baseapp_bo_backend/repository/campaign.go:93.91,96.2 2 0
baseapp_bo_backend/repository/campaign_broadcast_user.go:12.46,14.2 1 3
baseapp_bo_backend/repository/campaign_broadcast_user.go:16.87,17.36 1 4
baseapp_bo_backend/repository/campaign_broadcast_user.go:17.36,18.24 1 4
baseapp_bo_backend/repository/campaign_broadcast_user.go:21.3,22.35 2 4
baseapp_bo_backend/repository/campaign_broadcast_user.go:18.24,20.4 1 0
baseapp_bo_backend/repository/campaign_broadcast_user.go:26.79,27.36 1 4
baseapp_bo_backend/repository/campaign_broadcast_user.go:27.36,28.22 1 4
baseapp_bo_backend/repository/campaign_broadcast_user.go:31.3,32.34 2 0
baseapp_bo_backend/repository/campaign_broadcast_user.go:28.22,30.4 1 4
baseapp_bo_backend/repository/campaign_broadcast_user.go:36.86,37.36 1 4
baseapp_bo_backend/repository/campaign_broadcast_user.go:37.36,38.20 1 4
baseapp_bo_backend/repository/campaign_broadcast_user.go:46.3,46.12 1 2
baseapp_bo_backend/repository/campaign_broadcast_user.go:39.19,40.13 1 0
baseapp_bo_backend/repository/campaign_broadcast_user.go:41.20,42.70 1 1
baseapp_bo_backend/repository/campaign_broadcast_user.go:43.15,44.65 1 1
baseapp_bo_backend/repository/campaign_broadcast_user.go:50.83,51.36 1 4
baseapp_bo_backend/repository/campaign_broadcast_user.go:51.36,52.23 1 4
baseapp_bo_backend/repository/campaign_broadcast_user.go:55.3,56.54 2 0
baseapp_bo_backend/repository/campaign_broadcast_user.go:52.23,54.4 1 4
baseapp_bo_backend/repository/campaign_broadcast_user.go:60.71,61.36 1 4
baseapp_bo_backend/repository/campaign_broadcast_user.go:61.36,62.15 1 4
baseapp_bo_backend/repository/campaign_broadcast_user.go:65.3,66.46 2 0
baseapp_bo_backend/repository/campaign_broadcast_user.go:62.15,64.4 1 4
baseapp_bo_backend/repository/campaign_broadcast_user.go:70.171,90.2 6 3
baseapp_bo_backend/repository/campaign_broadcast_user.go:92.136,107.2 4 1
baseapp_bo_backend/repository/campaign_broadcast_user.go:109.123,111.2 1 0
baseapp_bo_backend/repository/order.go:13.123,53.2 3 1
baseapp_bo_backend/repository/order.go:55.104,80.2 3 1
baseapp_bo_backend/repository/order.go:82.78,83.36 1 2
baseapp_bo_backend/repository/order.go:83.36,84.19 1 2
baseapp_bo_backend/repository/order.go:87.3,87.17 1 0
baseapp_bo_backend/repository/order.go:84.19,86.4 1 2
baseapp_bo_backend/repository/order.go:88.14,89.90 1 0
baseapp_bo_backend/repository/order.go:90.20,91.89 1 0
baseapp_bo_backend/repository/order.go:92.14,93.15 1 0
baseapp_bo_backend/repository/order.go:94.11,95.13 1 0
baseapp_bo_backend/repository/order.go:100.99,104.2 3 1
baseapp_bo_backend/repository/order.go:106.116,117.16 3 0
baseapp_bo_backend/repository/order.go:120.2,120.22 1 0
baseapp_bo_backend/repository/order.go:123.2,123.23 1 0
baseapp_bo_backend/repository/order.go:117.16,119.3 1 0
baseapp_bo_backend/repository/order.go:120.22,122.3 1 0
baseapp_bo_backend/repository/order.go:126.119,130.2 3 1
baseapp_bo_backend/repository/order.go:132.88,134.2 1 0
baseapp_bo_backend/repository/order.go:136.91,137.36 1 2
baseapp_bo_backend/repository/order.go:137.36,138.21 1 2
baseapp_bo_backend/repository/order.go:141.3,143.33 3 0
baseapp_bo_backend/repository/order.go:138.21,140.4 1 2
baseapp_bo_backend/repository/order.go:147.92,148.36 1 2
baseapp_bo_backend/repository/order.go:148.36,149.23 1 2
baseapp_bo_backend/repository/order.go:152.3,153.34 2 0
baseapp_bo_backend/repository/order.go:149.23,151.4 1 2
baseapp_bo_backend/repository/order.go:157.126,158.36 1 2
baseapp_bo_backend/repository/order.go:158.36,159.20 1 2
baseapp_bo_backend/repository/order.go:162.3,167.67 3 0
baseapp_bo_backend/repository/order.go:159.20,161.4 1 2
baseapp_bo_backend/repository/campaign_notif_schedule.go:14.107,15.36 1 7
baseapp_bo_backend/repository/campaign_notif_schedule.go:15.36,16.37 1 4
baseapp_bo_backend/repository/campaign_notif_schedule.go:16.37,19.4 2 4
baseapp_bo_backend/repository/campaign_notif_schedule.go:19.9,22.4 2 0
baseapp_bo_backend/repository/campaign_notif_schedule.go:26.127,28.2 1 1
baseapp_bo_backend/repository/campaign_notif_schedule.go:30.118,33.2 2 1
baseapp_bo_backend/repository/campaign_notif_schedule.go:35.132,42.2 3 1
baseapp_bo_backend/repository/campaign_notif_schedule.go:44.128,47.2 2 0
baseapp_bo_backend/repository/campaign_notif_schedule.go:49.117,54.2 2 0
baseapp_bo_backend/repository/campaign_notif_schedule.go:56.145,60.2 3 0
baseapp_bo_backend/repository/district.go:10.132,20.19 4 0
baseapp_bo_backend/repository/district.go:28.2,29.16 2 0
baseapp_bo_backend/repository/district.go:32.2,33.18 2 0
baseapp_bo_backend/repository/district.go:44.2,44.21 1 0
baseapp_bo_backend/repository/district.go:20.19,27.3 2 0
baseapp_bo_backend/repository/district.go:29.16,31.3 1 0
baseapp_bo_backend/repository/district.go:33.18,43.3 5 0
baseapp_bo_backend/repository/district.go:47.110,54.19 4 0
baseapp_bo_backend/repository/district.go:62.2,63.24 2 0
baseapp_bo_backend/repository/district.go:54.19,61.3 2 0
baseapp_bo_backend/repository/district.go:66.107,70.2 3 0
baseapp_bo_backend/repository/repository.go:139.54,143.2 1 1
baseapp_bo_backend/repository/repository.go:145.44,149.2 3 0
baseapp_bo_backend/repository/repository.go:151.45,156.2 4 0
baseapp_bo_backend/repository/repository.go:158.47,163.2 4 0
baseapp_bo_backend/repository/repository.go:165.65,166.36 1 17
baseapp_bo_backend/repository/repository.go:166.36,167.19 1 17
baseapp_bo_backend/repository/repository.go:170.3,170.20 1 17
baseapp_bo_backend/repository/repository.go:173.3,174.43 2 17
baseapp_bo_backend/repository/repository.go:167.19,169.4 1 8
baseapp_bo_backend/repository/repository.go:170.20,172.4 1 8
baseapp_bo_backend/repository/repository.go:178.45,179.17 1 13
baseapp_bo_backend/repository/repository.go:182.2,182.29 1 3
baseapp_bo_backend/repository/repository.go:179.17,181.3 1 10
baseapp_bo_backend/repository/repository.go:185.43,187.2 1 1
baseapp_bo_backend/repository/repository.go:189.42,191.2 1 1
baseapp_bo_backend/repository/repository.go:193.43,195.2 1 1
baseapp_bo_backend/repository/repository.go:197.40,198.39 1 10
baseapp_bo_backend/repository/repository.go:201.2,201.15 1 10
baseapp_bo_backend/repository/repository.go:198.39,200.3 1 0
baseapp_bo_backend/repository/app_user_device_info.go:11.98,20.2 3 1
baseapp_bo_backend/repository/app_user_device_info.go:22.105,26.2 3 0
baseapp_bo_backend/repository/app_user_device_info.go:28.118,38.2 3 1
baseapp_bo_backend/repository/app_user_device_info.go:40.124,53.2 4 1
baseapp_bo_backend/repository/app_user_device_info.go:55.110,62.2 3 0
baseapp_bo_backend/repository/app_user_device_info.go:64.145,74.2 3 0
baseapp_bo_backend/repository/app_user_device_info.go:76.144,79.64 3 0
baseapp_bo_backend/repository/app_user_device_info.go:84.2,91.20 2 0
baseapp_bo_backend/repository/app_user_device_info.go:79.64,83.3 1 0
baseapp_bo_backend/repository/app_user_device_info.go:94.75,95.36 1 1
baseapp_bo_backend/repository/app_user_device_info.go:95.36,96.20 1 1
baseapp_bo_backend/repository/app_user_device_info.go:99.3,100.28 2 1
baseapp_bo_backend/repository/app_user_device_info.go:96.20,98.4 1 0
baseapp_bo_backend/repository/app_user_device_info.go:104.86,105.36 1 1
baseapp_bo_backend/repository/app_user_device_info.go:105.36,106.17 1 1
baseapp_bo_backend/repository/app_user_device_info.go:109.3,110.28 2 1
baseapp_bo_backend/repository/app_user_device_info.go:106.17,108.4 1 0
baseapp_bo_backend/repository/campaign_broadcast_statistic.go:9.51,11.2 1 14
baseapp_bo_backend/repository/campaign_broadcast_statistic.go:13.165,21.2 4 3
baseapp_bo_backend/repository/campaign_broadcast_statistic.go:23.155,30.2 4 1
baseapp_bo_backend/repository/campaign_broadcast_statistic.go:32.130,34.2 1 1
baseapp_bo_backend/repository/payment.go:8.108,12.2 3 0
baseapp_bo_backend/repository/product.go:10.32,12.2 1 16
baseapp_bo_backend/repository/product.go:14.129,26.30 7 4
baseapp_bo_backend/repository/product.go:29.2,29.31 1 4
baseapp_bo_backend/repository/product.go:32.2,32.28 1 4
baseapp_bo_backend/repository/product.go:36.2,38.28 2 4
baseapp_bo_backend/repository/product.go:26.30,28.3 1 1
baseapp_bo_backend/repository/product.go:29.31,31.3 1 1
baseapp_bo_backend/repository/product.go:32.28,34.3 1 1
baseapp_bo_backend/repository/product.go:41.108,47.30 4 6
baseapp_bo_backend/repository/product.go:50.2,50.31 1 6
baseapp_bo_backend/repository/product.go:53.2,53.28 1 6
baseapp_bo_backend/repository/product.go:57.2,59.24 2 6
baseapp_bo_backend/repository/product.go:47.30,49.3 1 1
baseapp_bo_backend/repository/product.go:50.31,52.3 1 1
baseapp_bo_backend/repository/product.go:53.28,55.3 1 1
baseapp_bo_backend/repository/product.go:62.105,66.2 3 1
baseapp_bo_backend/repository/product.go:68.137,76.2 6 1
baseapp_bo_backend/repository/product.go:78.95,80.2 1 1
baseapp_bo_backend/repository/product.go:82.94,85.2 2 1
baseapp_bo_backend/pkg/db/db.go:26.22,28.2 1 0
baseapp_bo_backend/pkg/db/db.go:30.38,46.16 4 0
baseapp_bo_backend/pkg/db/db.go:49.2,49.37 1 0
baseapp_bo_backend/pkg/db/db.go:46.16,48.3 1 0
baseapp_bo_backend/pkg/db/db.go:52.32,53.20 1 0
baseapp_bo_backend/pkg/db/db.go:56.2,57.16 2 0
baseapp_bo_backend/pkg/db/db.go:60.2,61.16 2 0
baseapp_bo_backend/pkg/db/db.go:64.2,65.16 2 0
baseapp_bo_backend/pkg/db/db.go:68.2,68.31 1 0
baseapp_bo_backend/pkg/db/db.go:53.20,55.3 1 0
baseapp_bo_backend/pkg/db/db.go:57.16,59.3 1 0
baseapp_bo_backend/pkg/db/db.go:61.16,63.3 1 0
baseapp_bo_backend/pkg/db/db.go:65.16,67.3 1 0
baseapp_bo_backend/pkg/db/db.go:68.31,69.43 1 0
baseapp_bo_backend/pkg/db/db.go:69.43,71.4 1 0
baseapp_bo_backend/pkg/db/postgres.go:22.95,23.52 1 4
baseapp_bo_backend/pkg/db/postgres.go:23.52,25.3 1 4
baseapp_bo_backend/pkg/db/postgres.go:28.71,29.52 1 4
baseapp_bo_backend/pkg/db/postgres.go:29.52,31.3 1 4
baseapp_bo_backend/pkg/db/postgres.go:34.114,35.52 1 4
baseapp_bo_backend/pkg/db/postgres.go:35.52,39.3 3 4
baseapp_bo_backend/pkg/db/postgres.go:43.102,53.27 3 4
baseapp_bo_backend/pkg/db/postgres.go:57.2,61.16 2 4
baseapp_bo_backend/pkg/db/postgres.go:65.2,65.54 1 3
baseapp_bo_backend/pkg/db/postgres.go:53.27,55.3 1 12
baseapp_bo_backend/pkg/db/postgres.go:61.16,63.3 1 1
